Vivado Simulator v2023.1
Copyright 1986-2022 Xilinx, Inc. All Rights Reserved.
Copyright 2022-2023 Advanced Micro Devices, Inc. All Rights Reserved.
Running: D:/Users/Vivado2023.1/Vivado/2023.1/bin/unwrapped/win64.o/xelab.exe --incr --debug typical --relax --mt 2 -L xil_defaultlib -L unisims_ver -L unimacro_ver -L secureip -L xpm --snapshot top_tb_behav xil_defaultlib.top_tb xil_defaultlib.glbl -log elaborate.log 
Using 2 slave threads.
Starting static elaboration
Pass Through NonSizing Optimizer
Completed static elaboration
Starting simulation data flow analysis
Completed simulation data flow analysis
Time Resolution for simulation is 1ps
Compiling module unisims_ver.BUFG
Compiling module unisims_ver.IBUF
Compiling module unisims_ver.MMCME2_ADV(CLKFBOUT_MULT_F=6.25,...
Compiling module xil_defaultlib.clk_wiz_0_clk_wiz_0_clk_wiz
Compiling module xil_defaultlib.clk_wiz_0
Compiling module xil_defaultlib.clock_div
Compiling module xil_defaultlib.mux
Compiling module unisims_ver.GND
Compiling module unisims_ver.x_lut2_mux4
Compiling module unisims_ver.LUT2
Compiling module unisims_ver.LUT5
Compiling module unisims_ver.LUT4
Compiling module unisims_ver.FDRE_default
Compiling module unisims_ver.LUT6
Compiling module unisims_ver.CARRY4
Compiling module unisims_ver.SRL16E_default
Compiling module unisims_ver.x_lut3_mux8
Compiling module unisims_ver.LUT3
Compiling module unisims_ver.DSP48E1(ACASCREG=2,AREG=2,BCASCR...
Compiling module unisims_ver.x_lut1_mux2
Compiling module unisims_ver.LUT1
Compiling module xil_defaultlib.floating_point_0
Compiling module xil_defaultlib.floating_point_1
Compiling module xil_defaultlib.floating_point_2
Compiling module xil_defaultlib.floating_point_3
Compiling module unisims_ver.FDSE_default
Compiling module unisims_ver.MUXF7
Compiling module unisims_ver.MUXF8
Compiling module unisims_ver.LUT6_2
Compiling module xil_defaultlib.floating_point_4
Compiling module xil_defaultlib.floating_point_5
Compiling module xil_defaultlib.part_0
Compiling module xil_defaultlib.floating_point_6
Compiling module xil_defaultlib.floating_point_7
Compiling module xil_defaultlib.floating_point_8
Compiling module xil_defaultlib.part_1
Compiling module xil_defaultlib.floating_point_9
Compiling module xil_defaultlib.shunt_2_series
Compiling module xil_defaultlib.floating_point_10
Compiling module xil_defaultlib.top
Compiling module xil_defaultlib.top_tb
Compiling module xil_defaultlib.glbl
Built simulation snapshot top_tb_behav
