
*** Running vivado
    with args -log floating_point_0.vds -m64 -product Vivado -mode batch -messageDb vivado.pb -notrace -source floating_point_0.tcl


ECHO 处于关闭状态。
ECHO 处于关闭状态。

****** Vivado v2023.1 (64-bit)
  **** SW Build 3865809 on Sun May  7 15:05:29 MDT 2023
  **** IP Build 3864474 on Sun May  7 20:36:21 MDT 2023
  **** SharedData Build 3865790 on Sun May 07 13:33:03 MDT 2023
    ** Copyright 1986-2022 Xilinx, Inc. All Rights Reserved.
    ** Copyright 2022-2023 Advanced Micro Devices, Inc. All Rights Reserved.

source floating_point_0.tcl -notrace
create_project: Time (s): cpu = 00:00:07 ; elapsed = 00:00:08 . Memory (MB): peak = 482.082 ; gain = 172.609
INFO: [IP_Flow 19-6924] IPCACHE: Running cache check for IP inst: floating_point_0
Command: synth_design -top floating_point_0 -part xc7a100tcsg324-1 -incremental_mode off -mode out_of_context
Starting synth_design
Attempting to get a license for feature 'Synthesis' and/or device 'xc7a100t'
INFO: [Common 17-349] Got license for feature 'Synthesis' and/or device 'xc7a100t'
INFO: [Device 21-403] Loading part xc7a100tcsg324-1
INFO: [Synth 8-7079] Multithreading enabled for synth_design using a maximum of 2 processes.
INFO: [Synth 8-7078] Launching helper process for spawning children vivado processes
INFO: [Synth 8-7075] Helper process launched with PID 18684
---------------------------------------------------------------------------------
Starting RTL Elaboration : Time (s): cpu = 00:00:09 ; elapsed = 00:00:10 . Memory (MB): peak = 1323.008 ; gain = 411.301
---------------------------------------------------------------------------------
INFO: [Synth 8-6157] synthesizing module 'floating_point_0' [d:/Users/Vivado2023.1/Projects/Memristor_demo/Memristor_demo.gen/sources_1/ip/floating_point_0/synth/floating_point_0.v:53]
INFO: [Synth 8-6157] synthesizing module 'LUT1' [D:/Users/Vivado2023.1/Vivado/2023.1/scripts/rt/data/unisim_comp.v:79430]
INFO: [Synth 8-6155] done synthesizing module 'LUT1' (0#1) [D:/Users/Vivado2023.1/Vivado/2023.1/scripts/rt/data/unisim_comp.v:79430]
INFO: [Synth 8-6155] done synthesizing module 'floating_point_0' (0#1) [d:/Users/Vivado2023.1/Projects/Memristor_demo/Memristor_demo.gen/sources_1/ip/floating_point_0/synth/floating_point_0.v:53]
WARNING: [Synth 8-7129] Port CLK in module xbip_pipe_v3_0_6_viv__parameterized9 is either unconnected or has no load
WARNING: [Synth 8-7129] Port CE in module xbip_pipe_v3_0_6_viv__parameterized9 is either unconnected or has no load
WARNING: [Synth 8-7129] Port SCLR in module xbip_pipe_v3_0_6_viv__parameterized9 is either unconnected or has no load
WARNING: [Synth 8-7129] Port SSET in module xbip_pipe_v3_0_6_viv__parameterized9 is either unconnected or has no load
WARNING: [Synth 8-7129] Port SINIT in module xbip_pipe_v3_0_6_viv__parameterized9 is either unconnected or has no load
WARNING: [Synth 8-7129] Port CLK in module xbip_pipe_v3_0_6_viv__parameterized5 is either unconnected or has no load
WARNING: [Synth 8-7129] Port CE in module xbip_pipe_v3_0_6_viv__parameterized5 is either unconnected or has no load
WARNING: [Synth 8-7129] Port SCLR in module xbip_pipe_v3_0_6_viv__parameterized5 is either unconnected or has no load
WARNING: [Synth 8-7129] Port SSET in module xbip_pipe_v3_0_6_viv__parameterized5 is either unconnected or has no load
WARNING: [Synth 8-7129] Port SINIT in module xbip_pipe_v3_0_6_viv__parameterized5 is either unconnected or has no load
WARNING: [Synth 8-7129] Port DEC_OP_STATE[11] in module flt_dec_op_lat is either unconnected or has no load
WARNING: [Synth 8-7129] Port DEC_OP_STATE[10] in module flt_dec_op_lat is either unconnected or has no load
WARNING: [Synth 8-7129] Port DEC_OP_STATE[9] in module flt_dec_op_lat is either unconnected or has no load
WARNING: [Synth 8-7129] Port DEC_OP_STATE[8] in module flt_dec_op_lat is either unconnected or has no load
WARNING: [Synth 8-7129] Port DIVIDE_BY_ZERO_IN in module flt_dec_op_lat is either unconnected or has no load
WARNING: [Synth 8-7129] Port CLK in module xbip_pipe_v3_0_6_viv__parameterized49 is either unconnected or has no load
WARNING: [Synth 8-7129] Port CE in module xbip_pipe_v3_0_6_viv__parameterized49 is either unconnected or has no load
WARNING: [Synth 8-7129] Port SCLR in module xbip_pipe_v3_0_6_viv__parameterized49 is either unconnected or has no load
WARNING: [Synth 8-7129] Port SSET in module xbip_pipe_v3_0_6_viv__parameterized49 is either unconnected or has no load
WARNING: [Synth 8-7129] Port SINIT in module xbip_pipe_v3_0_6_viv__parameterized49 is either unconnected or has no load
WARNING: [Synth 8-7129] Port B[7] in module carry_chain__parameterized4 is either unconnected or has no load
WARNING: [Synth 8-7129] Port SCLR in module xbip_pipe_v3_0_6_viv__parameterized55 is either unconnected or has no load
WARNING: [Synth 8-7129] Port SSET in module xbip_pipe_v3_0_6_viv__parameterized55 is either unconnected or has no load
WARNING: [Synth 8-7129] Port SINIT in module xbip_pipe_v3_0_6_viv__parameterized55 is either unconnected or has no load
WARNING: [Synth 8-7129] Port SCLR in module xbip_pipe_v3_0_6_viv__parameterized57 is either unconnected or has no load
WARNING: [Synth 8-7129] Port SSET in module xbip_pipe_v3_0_6_viv__parameterized57 is either unconnected or has no load
WARNING: [Synth 8-7129] Port SINIT in module xbip_pipe_v3_0_6_viv__parameterized57 is either unconnected or has no load
WARNING: [Synth 8-7129] Port CLK in module xbip_pipe_v3_0_6_viv__parameterized53 is either unconnected or has no load
WARNING: [Synth 8-7129] Port CE in module xbip_pipe_v3_0_6_viv__parameterized53 is either unconnected or has no load
WARNING: [Synth 8-7129] Port SCLR in module xbip_pipe_v3_0_6_viv__parameterized53 is either unconnected or has no load
WARNING: [Synth 8-7129] Port SSET in module xbip_pipe_v3_0_6_viv__parameterized53 is either unconnected or has no load
WARNING: [Synth 8-7129] Port SINIT in module xbip_pipe_v3_0_6_viv__parameterized53 is either unconnected or has no load
WARNING: [Synth 8-7129] Port CLK in module xbip_pipe_v3_0_6_viv__parameterized45 is either unconnected or has no load
WARNING: [Synth 8-7129] Port CE in module xbip_pipe_v3_0_6_viv__parameterized45 is either unconnected or has no load
WARNING: [Synth 8-7129] Port SCLR in module xbip_pipe_v3_0_6_viv__parameterized45 is either unconnected or has no load
WARNING: [Synth 8-7129] Port SSET in module xbip_pipe_v3_0_6_viv__parameterized45 is either unconnected or has no load
WARNING: [Synth 8-7129] Port SINIT in module xbip_pipe_v3_0_6_viv__parameterized45 is either unconnected or has no load
WARNING: [Synth 8-7129] Port CLK in module xbip_pipe_v3_0_6_viv__parameterized43 is either unconnected or has no load
WARNING: [Synth 8-7129] Port CE in module xbip_pipe_v3_0_6_viv__parameterized43 is either unconnected or has no load
WARNING: [Synth 8-7129] Port SCLR in module xbip_pipe_v3_0_6_viv__parameterized43 is either unconnected or has no load
WARNING: [Synth 8-7129] Port SSET in module xbip_pipe_v3_0_6_viv__parameterized43 is either unconnected or has no load
WARNING: [Synth 8-7129] Port SINIT in module xbip_pipe_v3_0_6_viv__parameterized43 is either unconnected or has no load
WARNING: [Synth 8-7129] Port NORMALIZE[1] in module flt_round_bit is either unconnected or has no load
WARNING: [Synth 8-7129] Port FIXED_POINT in module flt_round_bit is either unconnected or has no load
WARNING: [Synth 8-7129] Port FIX_MANT_SIGN in module flt_round_bit is either unconnected or has no load
WARNING: [Synth 8-7129] Port SIGN in module flt_round_bit is either unconnected or has no load
WARNING: [Synth 8-7129] Port CLK in module xbip_pipe_v3_0_6_viv__parameterized51 is either unconnected or has no load
WARNING: [Synth 8-7129] Port CE in module xbip_pipe_v3_0_6_viv__parameterized51 is either unconnected or has no load
WARNING: [Synth 8-7129] Port SCLR in module xbip_pipe_v3_0_6_viv__parameterized51 is either unconnected or has no load
WARNING: [Synth 8-7129] Port SSET in module xbip_pipe_v3_0_6_viv__parameterized51 is either unconnected or has no load
WARNING: [Synth 8-7129] Port SINIT in module xbip_pipe_v3_0_6_viv__parameterized51 is either unconnected or has no load
WARNING: [Synth 8-7129] Port SCLR in module xbip_pipe_v3_0_6_viv__parameterized47 is either unconnected or has no load
WARNING: [Synth 8-7129] Port SSET in module xbip_pipe_v3_0_6_viv__parameterized47 is either unconnected or has no load
WARNING: [Synth 8-7129] Port SINIT in module xbip_pipe_v3_0_6_viv__parameterized47 is either unconnected or has no load
WARNING: [Synth 8-7129] Port CLK in module xbip_pipe_v3_0_6_viv__parameterized41 is either unconnected or has no load
WARNING: [Synth 8-7129] Port CE in module xbip_pipe_v3_0_6_viv__parameterized41 is either unconnected or has no load
WARNING: [Synth 8-7129] Port SCLR in module xbip_pipe_v3_0_6_viv__parameterized41 is either unconnected or has no load
WARNING: [Synth 8-7129] Port SSET in module xbip_pipe_v3_0_6_viv__parameterized41 is either unconnected or has no load
WARNING: [Synth 8-7129] Port SINIT in module xbip_pipe_v3_0_6_viv__parameterized41 is either unconnected or has no load
WARNING: [Synth 8-7129] Port CLK in module xbip_pipe_v3_0_6_viv__parameterized39 is either unconnected or has no load
WARNING: [Synth 8-7129] Port CE in module xbip_pipe_v3_0_6_viv__parameterized39 is either unconnected or has no load
WARNING: [Synth 8-7129] Port SCLR in module xbip_pipe_v3_0_6_viv__parameterized39 is either unconnected or has no load
WARNING: [Synth 8-7129] Port SSET in module xbip_pipe_v3_0_6_viv__parameterized39 is either unconnected or has no load
WARNING: [Synth 8-7129] Port SINIT in module xbip_pipe_v3_0_6_viv__parameterized39 is either unconnected or has no load
WARNING: [Synth 8-7129] Port MANT_CASC_IN[47] in module flt_mult_round is either unconnected or has no load
WARNING: [Synth 8-7129] Port MANT_CASC_IN[46] in module flt_mult_round is either unconnected or has no load
WARNING: [Synth 8-7129] Port MANT_CASC_IN[45] in module flt_mult_round is either unconnected or has no load
WARNING: [Synth 8-7129] Port MANT_CASC_IN[44] in module flt_mult_round is either unconnected or has no load
WARNING: [Synth 8-7129] Port MANT_CASC_IN[43] in module flt_mult_round is either unconnected or has no load
WARNING: [Synth 8-7129] Port MANT_CASC_IN[42] in module flt_mult_round is either unconnected or has no load
WARNING: [Synth 8-7129] Port MANT_CASC_IN[41] in module flt_mult_round is either unconnected or has no load
WARNING: [Synth 8-7129] Port MANT_CASC_IN[40] in module flt_mult_round is either unconnected or has no load
WARNING: [Synth 8-7129] Port MANT_CASC_IN[39] in module flt_mult_round is either unconnected or has no load
WARNING: [Synth 8-7129] Port MANT_CASC_IN[38] in module flt_mult_round is either unconnected or has no load
WARNING: [Synth 8-7129] Port MANT_CASC_IN[37] in module flt_mult_round is either unconnected or has no load
WARNING: [Synth 8-7129] Port MANT_CASC_IN[36] in module flt_mult_round is either unconnected or has no load
WARNING: [Synth 8-7129] Port MANT_CASC_IN[35] in module flt_mult_round is either unconnected or has no load
WARNING: [Synth 8-7129] Port MANT_CASC_IN[34] in module flt_mult_round is either unconnected or has no load
WARNING: [Synth 8-7129] Port MANT_CASC_IN[33] in module flt_mult_round is either unconnected or has no load
WARNING: [Synth 8-7129] Port MANT_CASC_IN[32] in module flt_mult_round is either unconnected or has no load
WARNING: [Synth 8-7129] Port MANT_CASC_IN[31] in module flt_mult_round is either unconnected or has no load
WARNING: [Synth 8-7129] Port MANT_CASC_IN[30] in module flt_mult_round is either unconnected or has no load
WARNING: [Synth 8-7129] Port MANT_CASC_IN[29] in module flt_mult_round is either unconnected or has no load
WARNING: [Synth 8-7129] Port MANT_CASC_IN[28] in module flt_mult_round is either unconnected or has no load
WARNING: [Synth 8-7129] Port MANT_CASC_IN[27] in module flt_mult_round is either unconnected or has no load
WARNING: [Synth 8-7129] Port MANT_CASC_IN[26] in module flt_mult_round is either unconnected or has no load
WARNING: [Synth 8-7129] Port MANT_CASC_IN[25] in module flt_mult_round is either unconnected or has no load
WARNING: [Synth 8-7129] Port MANT_CASC_IN[24] in module flt_mult_round is either unconnected or has no load
WARNING: [Synth 8-7129] Port MANT_CASC_IN[23] in module flt_mult_round is either unconnected or has no load
WARNING: [Synth 8-7129] Port MANT_CASC_IN[22] in module flt_mult_round is either unconnected or has no load
WARNING: [Synth 8-7129] Port MANT_CASC_IN[21] in module flt_mult_round is either unconnected or has no load
WARNING: [Synth 8-7129] Port MANT_CASC_IN[20] in module flt_mult_round is either unconnected or has no load
WARNING: [Synth 8-7129] Port MANT_CASC_IN[19] in module flt_mult_round is either unconnected or has no load
WARNING: [Synth 8-7129] Port MANT_CASC_IN[18] in module flt_mult_round is either unconnected or has no load
WARNING: [Synth 8-7129] Port MANT_CASC_IN[17] in module flt_mult_round is either unconnected or has no load
WARNING: [Synth 8-7129] Port MANT_CASC_IN[16] in module flt_mult_round is either unconnected or has no load
WARNING: [Synth 8-7129] Port MANT_CASC_IN[15] in module flt_mult_round is either unconnected or has no load
WARNING: [Synth 8-7129] Port MANT_CASC_IN[14] in module flt_mult_round is either unconnected or has no load
WARNING: [Synth 8-7129] Port MANT_CASC_IN[13] in module flt_mult_round is either unconnected or has no load
WARNING: [Synth 8-7129] Port MANT_CASC_IN[12] in module flt_mult_round is either unconnected or has no load
INFO: [Common 17-14] Message 'Synth 8-7129' appears 100 times and further instances of the messages will be disabled. Use the Tcl command set_msg_config to change the current settings.
---------------------------------------------------------------------------------
Finished RTL Elaboration : Time (s): cpu = 00:00:19 ; elapsed = 00:00:22 . Memory (MB): peak = 1568.895 ; gain = 657.188
---------------------------------------------------------------------------------
---------------------------------------------------------------------------------
Start Handling Custom Attributes
---------------------------------------------------------------------------------
---------------------------------------------------------------------------------
Finished Handling Custom Attributes : Time (s): cpu = 00:00:19 ; elapsed = 00:00:22 . Memory (MB): peak = 1568.895 ; gain = 657.188
---------------------------------------------------------------------------------
---------------------------------------------------------------------------------
Finished RTL Optimization Phase 1 : Time (s): cpu = 00:00:19 ; elapsed = 00:00:22 . Memory (MB): peak = 1568.895 ; gain = 657.188
---------------------------------------------------------------------------------
Netlist sorting complete. Time (s): cpu = 00:00:00 ; elapsed = 00:00:00.036 . Memory (MB): peak = 1568.895 ; gain = 0.000
INFO: [Netlist 29-17] Analyzing 325 Unisim elements for replacement
INFO: [Netlist 29-28] Unisim Transformation completed in 0 CPU seconds
INFO: [Project 1-570] Preparing netlist for logic optimization

Processing XDC Constraints
Initializing timing engine
Parsing XDC File [d:/Users/Vivado2023.1/Projects/Memristor_demo/Memristor_demo.gen/sources_1/ip/floating_point_0/floating_point_0_ooc.xdc] for cell 'inst'
Finished Parsing XDC File [d:/Users/Vivado2023.1/Projects/Memristor_demo/Memristor_demo.gen/sources_1/ip/floating_point_0/floating_point_0_ooc.xdc] for cell 'inst'
Parsing XDC File [D:/Users/Vivado2023.1/Projects/Memristor_demo/Memristor_demo.runs/floating_point_0_synth_1/dont_touch.xdc]
Finished Parsing XDC File [D:/Users/Vivado2023.1/Projects/Memristor_demo/Memristor_demo.runs/floating_point_0_synth_1/dont_touch.xdc]
Completed Processing XDC Constraints

Netlist sorting complete. Time (s): cpu = 00:00:00 ; elapsed = 00:00:00.001 . Memory (MB): peak = 1568.895 ; gain = 0.000
INFO: [Project 1-111] Unisim Transformation Summary:
  A total of 79 instances were transformed.
  FDE => FDRE: 4 instances
  MULT_AND => LUT2: 75 instances

Constraint Validation Runtime : Time (s): cpu = 00:00:00 ; elapsed = 00:00:00.040 . Memory (MB): peak = 1568.895 ; gain = 0.000
INFO: [Designutils 20-5008] Incremental synthesis strategy off
---------------------------------------------------------------------------------
Finished Constraint Validation : Time (s): cpu = 00:00:28 ; elapsed = 00:00:31 . Memory (MB): peak = 1568.895 ; gain = 657.188
---------------------------------------------------------------------------------
---------------------------------------------------------------------------------
Start Loading Part and Timing Information
---------------------------------------------------------------------------------
Loading part: xc7a100tcsg324-1
---------------------------------------------------------------------------------
Finished Loading Part and Timing Information : Time (s): cpu = 00:00:28 ; elapsed = 00:00:31 . Memory (MB): peak = 1568.895 ; gain = 657.188
---------------------------------------------------------------------------------
---------------------------------------------------------------------------------
Start Applying 'set_property' XDC Constraints
---------------------------------------------------------------------------------
Applied set_property KEEP_HIERARCHY = SOFT for inst. (constraint file  D:/Users/Vivado2023.1/Projects/Memristor_demo/Memristor_demo.runs/floating_point_0_synth_1/dont_touch.xdc, line 9).
---------------------------------------------------------------------------------
Finished applying 'set_property' XDC Constraints : Time (s): cpu = 00:00:28 ; elapsed = 00:00:31 . Memory (MB): peak = 1568.895 ; gain = 657.188
---------------------------------------------------------------------------------
---------------------------------------------------------------------------------
Finished RTL Optimization Phase 2 : Time (s): cpu = 00:00:29 ; elapsed = 00:00:33 . Memory (MB): peak = 1568.895 ; gain = 657.188
---------------------------------------------------------------------------------
INFO: [Synth 8-223] decloning instance 'inst/i_synth/MULT.OP/i_non_prim.R_AND_R/LOGIC.R_AND_R/EXTRA_LSB_BIT_DEL' (delay__parameterized13) to 'inst/i_synth/MULT.OP/i_non_prim.R_AND_R/LOGIC.R_AND_R/EXTRA_LSB_RND1_DEL'
INFO: [Synth 8-223] decloning instance 'inst/i_synth/MULT.OP/i_non_prim.R_AND_R/LOGIC.R_AND_R/EXP_INC_DELAY' (delay__parameterized13) to 'inst/i_synth/MULT.OP/i_non_prim.R_AND_R/LOGIC.R_AND_R/EXP_INC_RND1_DELAY'
INFO: [Synth 8-223] decloning instance 'inst/i_synth/DELAY_DIVIDE_BY_ZERO' (delay__parameterized13) to 'inst/i_synth/DELAY_ACCUM_OVERFLOW'
INFO: [Synth 8-223] decloning instance 'inst/i_synth/DELAY_DIVIDE_BY_ZERO' (delay__parameterized13) to 'inst/i_synth/DELAY_ACCUM_INPUT_OVERFLOW'
---------------------------------------------------------------------------------
Start RTL Component Statistics 
---------------------------------------------------------------------------------
---------------------------------------------------------------------------------
Finished RTL Component Statistics 
---------------------------------------------------------------------------------
---------------------------------------------------------------------------------
Start Part Resource Summary
---------------------------------------------------------------------------------
Part Resources:
DSPs: 240 (col length:80)
BRAMs: 270 (col length: RAMB18 80 RAMB36 40)
---------------------------------------------------------------------------------
Finished Part Resource Summary
---------------------------------------------------------------------------------
---------------------------------------------------------------------------------
Start Cross Boundary and Area Optimization
---------------------------------------------------------------------------------
WARNING: [Synth 8-7080] Parallel synthesis criteria is not met
INFO: [Synth 8-3332] Sequential element (gDSP.gHYBRID.iHYBRID/one_fabric_mult.bypass_delay/dN_hlutnm.srl_loop[0].i_fdre0) is unused and will be removed from module mult_gen_v12_0_18_viv.
INFO: [Synth 8-3332] Sequential element (gDSP.gHYBRID.iHYBRID/one_fabric_mult.bypass_delay/dN_hlutnm.srl_loop[0].i_fdre1) is unused and will be removed from module mult_gen_v12_0_18_viv.
INFO: [Synth 8-3332] Sequential element (gDSP.gHYBRID.iHYBRID/one_fabric_mult.bypass_delay/dN_hlutnm.srl_loop[1].i_fdre0) is unused and will be removed from module mult_gen_v12_0_18_viv.
INFO: [Synth 8-3332] Sequential element (gDSP.gHYBRID.iHYBRID/one_fabric_mult.bypass_delay/dN_hlutnm.srl_loop[1].i_fdre1) is unused and will be removed from module mult_gen_v12_0_18_viv.
INFO: [Synth 8-3332] Sequential element (gDSP.gHYBRID.iHYBRID/one_fabric_mult.bypass_delay/dN_hlutnm.srl_loop[2].i_fdre0) is unused and will be removed from module mult_gen_v12_0_18_viv.
INFO: [Synth 8-3332] Sequential element (gDSP.gHYBRID.iHYBRID/one_fabric_mult.bypass_delay/dN_hlutnm.srl_loop[2].i_fdre1) is unused and will be removed from module mult_gen_v12_0_18_viv.
INFO: [Synth 8-3332] Sequential element (gDSP.gHYBRID.iHYBRID/one_fabric_mult.bypass_delay/dN_hlutnm.runt_srl_loop.i_fdre) is unused and will be removed from module mult_gen_v12_0_18_viv.
---------------------------------------------------------------------------------
Finished Cross Boundary and Area Optimization : Time (s): cpu = 00:00:31 ; elapsed = 00:00:35 . Memory (MB): peak = 1568.895 ; gain = 657.188
---------------------------------------------------------------------------------
---------------------------------------------------------------------------------
Start Applying XDC Timing Constraints
---------------------------------------------------------------------------------
---------------------------------------------------------------------------------
Finished Applying XDC Timing Constraints : Time (s): cpu = 00:00:40 ; elapsed = 00:00:44 . Memory (MB): peak = 1568.895 ; gain = 657.188
---------------------------------------------------------------------------------
---------------------------------------------------------------------------------
Start Timing Optimization
---------------------------------------------------------------------------------
---------------------------------------------------------------------------------
Finished Timing Optimization : Time (s): cpu = 00:00:40 ; elapsed = 00:00:44 . Memory (MB): peak = 1568.895 ; gain = 657.188
---------------------------------------------------------------------------------
---------------------------------------------------------------------------------
Start Technology Mapping
---------------------------------------------------------------------------------
---------------------------------------------------------------------------------
Finished Technology Mapping : Time (s): cpu = 00:00:40 ; elapsed = 00:00:44 . Memory (MB): peak = 1568.895 ; gain = 657.188
---------------------------------------------------------------------------------
---------------------------------------------------------------------------------
Start IO Insertion
---------------------------------------------------------------------------------
---------------------------------------------------------------------------------
Start Flattening Before IO Insertion
---------------------------------------------------------------------------------
---------------------------------------------------------------------------------
Finished Flattening Before IO Insertion
---------------------------------------------------------------------------------
---------------------------------------------------------------------------------
Start Final Netlist Cleanup
---------------------------------------------------------------------------------
---------------------------------------------------------------------------------
Finished Final Netlist Cleanup
---------------------------------------------------------------------------------
---------------------------------------------------------------------------------
Finished IO Insertion : Time (s): cpu = 00:00:45 ; elapsed = 00:00:49 . Memory (MB): peak = 1568.895 ; gain = 657.188
---------------------------------------------------------------------------------
---------------------------------------------------------------------------------
Start Renaming Generated Instances
---------------------------------------------------------------------------------
---------------------------------------------------------------------------------
Finished Renaming Generated Instances : Time (s): cpu = 00:00:45 ; elapsed = 00:00:49 . Memory (MB): peak = 1568.895 ; gain = 657.188
---------------------------------------------------------------------------------
---------------------------------------------------------------------------------
Start Rebuilding User Hierarchy
---------------------------------------------------------------------------------
---------------------------------------------------------------------------------
Finished Rebuilding User Hierarchy : Time (s): cpu = 00:00:45 ; elapsed = 00:00:49 . Memory (MB): peak = 1568.895 ; gain = 657.188
---------------------------------------------------------------------------------
---------------------------------------------------------------------------------
Start Renaming Generated Ports
---------------------------------------------------------------------------------
---------------------------------------------------------------------------------
Finished Renaming Generated Ports : Time (s): cpu = 00:00:45 ; elapsed = 00:00:49 . Memory (MB): peak = 1568.895 ; gain = 657.188
---------------------------------------------------------------------------------
---------------------------------------------------------------------------------
Start Handling Custom Attributes
---------------------------------------------------------------------------------
---------------------------------------------------------------------------------
Finished Handling Custom Attributes : Time (s): cpu = 00:00:45 ; elapsed = 00:00:49 . Memory (MB): peak = 1568.895 ; gain = 657.188
---------------------------------------------------------------------------------
---------------------------------------------------------------------------------
Start Renaming Generated Nets
---------------------------------------------------------------------------------
---------------------------------------------------------------------------------
Finished Renaming Generated Nets : Time (s): cpu = 00:00:45 ; elapsed = 00:00:49 . Memory (MB): peak = 1568.895 ; gain = 657.188
---------------------------------------------------------------------------------
---------------------------------------------------------------------------------
Start Writing Synthesis Report
---------------------------------------------------------------------------------

DSP Final Report (the ' indicates corresponding REG is set)
+------------+------------------+--------+--------+--------+--------+--------+------+------+------+------+-------+------+------+
|Module Name | DSP Mapping      | A Size | B Size | C Size | D Size | P Size | AREG | BREG | CREG | DREG | ADREG | MREG | PREG | 
+------------+------------------+--------+--------+--------+--------+--------+------+------+------+------+-------+------+------+
|dsp         | (C'+(A''*B'')')' | 24     | 17     | 24     | -      | 43     | 2    | 2    | 2    | -    | -     | 1    | 1    | 
+------------+------------------+--------+--------+--------+--------+--------+------+------+------+------+-------+------+------+


Report BlackBoxes: 
+-+--------------+----------+
| |BlackBox name |Instances |
+-+--------------+----------+
+-+--------------+----------+

Report Cell Usage: 
+------+---------+------+
|      |Cell     |Count |
+------+---------+------+
|1     |CARRY4   |    21|
|2     |DSP48E1  |     1|
|3     |LUT1     |     2|
|4     |LUT2     |    69|
|5     |LUT3     |    60|
|6     |LUT4     |    75|
|7     |LUT5     |    11|
|8     |LUT6     |    15|
|9     |MULT_AND |    72|
|10    |MUXCY    |   125|
|11    |SRL16E   |    17|
|12    |XORCY    |   120|
|13    |FDE      |     4|
|14    |FDRE     |   364|
+------+---------+------+
---------------------------------------------------------------------------------
Finished Writing Synthesis Report : Time (s): cpu = 00:00:45 ; elapsed = 00:00:49 . Memory (MB): peak = 1568.895 ; gain = 657.188
---------------------------------------------------------------------------------
Synthesis finished with 0 errors, 0 critical warnings and 55 warnings.
Synthesis Optimization Runtime : Time (s): cpu = 00:00:24 ; elapsed = 00:00:47 . Memory (MB): peak = 1568.895 ; gain = 657.188
Synthesis Optimization Complete : Time (s): cpu = 00:00:46 ; elapsed = 00:00:50 . Memory (MB): peak = 1568.895 ; gain = 657.188
INFO: [Project 1-571] Translating synthesized netlist
Netlist sorting complete. Time (s): cpu = 00:00:00 ; elapsed = 00:00:00.019 . Memory (MB): peak = 1568.895 ; gain = 0.000
INFO: [Netlist 29-17] Analyzing 343 Unisim elements for replacement
INFO: [Netlist 29-28] Unisim Transformation completed in 0 CPU seconds
INFO: [Project 1-570] Preparing netlist for logic optimization
INFO: [Opt 31-138] Pushed 0 inverter(s) to 0 load pin(s).
Netlist sorting complete. Time (s): cpu = 00:00:00 ; elapsed = 00:00:00 . Memory (MB): peak = 1568.895 ; gain = 0.000
INFO: [Project 1-111] Unisim Transformation Summary:
  A total of 111 instances were transformed.
  (MUXCY,XORCY) => CARRY4: 35 instances
  FDE => FDRE: 4 instances
  MULT_AND => LUT2: 72 instances

Synth Design complete | Checksum: 2258fd28
INFO: [Common 17-83] Releasing license: Synthesis
34 Infos, 101 Warnings, 0 Critical Warnings and 0 Errors encountered.
synth_design completed successfully
synth_design: Time (s): cpu = 00:00:50 ; elapsed = 00:00:55 . Memory (MB): peak = 1568.895 ; gain = 1054.023
INFO: [Common 17-1381] The checkpoint 'D:/Users/Vivado2023.1/Projects/Memristor_demo/Memristor_demo.runs/floating_point_0_synth_1/floating_point_0.dcp' has been generated.
INFO: [Coretcl 2-1648] Added synthesis output to IP cache for IP floating_point_0, cache-ID = 8f23230f13e6c099
INFO: [Coretcl 2-1174] Renamed 69 cell refs.
INFO: [Common 17-1381] The checkpoint 'D:/Users/Vivado2023.1/Projects/Memristor_demo/Memristor_demo.runs/floating_point_0_synth_1/floating_point_0.dcp' has been generated.
INFO: [runtcl-4] Executing : report_utilization -file floating_point_0_utilization_synth.rpt -pb floating_point_0_utilization_synth.pb
INFO: [Common 17-206] Exiting Vivado at Wed Apr 17 10:48:23 2024...
